2022-05-26 21:57:26,017 [Worker-4: Loading available Gradle versions] INFO  o.e.b.c.i.u.g.PublishedGradleVersions - Gradle version information cache is up-to-date. Trying to read.
2022-05-26 21:57:51,326 [Worker-7: Update Maven projects configuration] INFO  o.e.m.c.i.p.ProjectConfigurationManager - Update started
2022-05-26 21:57:56,223 [Worker-7: Update Maven projects configuration] INFO  o.e.m.c.i.l.LifecycleMappingFactory - Using org.eclipse.m2e.jdt.JarLifecycleMapping lifecycle mapping for MavenProject: tn.dksoft.opticien:TestOpticien:0.0.1-SNAPSHOT @ C:\Users\USER\Desktop\omayma\opticien-client-4577e7976a9\back-end\pom.xml.
2022-05-26 21:57:58,145 [Worker-7: Update Maven projects configuration] INFO  o.e.m.j.i.AbstractJavaProjectConfigurator - Adding source folder /back-end/src/main/java
2022-05-26 21:57:58,146 [Worker-7: Update Maven projects configuration] INFO  o.e.m.j.i.AbstractJavaProjectConfigurator - Adding resource folder /back-end/src/main/resources
2022-05-26 21:57:58,152 [Worker-7: Update Maven projects configuration] INFO  o.e.m.j.i.AbstractJavaProjectConfigurator - Adding resource folder /back-end/src/main/resources
2022-05-26 21:57:58,166 [Worker-7: Update Maven projects configuration] INFO  o.e.m.j.i.AbstractJavaProjectConfigurator - Adding source folder /back-end/src/test/java
2022-05-26 21:58:03,681 [Worker-2: Building] INFO  o.e.m.c.i.embedder.EclipseLogger - Using 'UTF-8' encoding to copy filtered resources.
2022-05-26 21:58:03,682 [Worker-2: Building] INFO  o.e.m.c.i.embedder.EclipseLogger - Using 'UTF-8' encoding to copy filtered properties files.
2022-05-26 21:58:03,685 [Worker-2: Building] INFO  o.e.m.c.i.embedder.EclipseLogger - Copying 1 resource
2022-05-26 21:58:03,701 [Worker-2: Building] INFO  o.e.m.c.i.embedder.EclipseLogger - Copying 0 resource
2022-05-26 21:58:03,704 [Worker-2: Building] INFO  o.e.m.c.i.embedder.EclipseLogger - Using 'UTF-8' encoding to copy filtered resources.
2022-05-26 21:58:03,705 [Worker-2: Building] INFO  o.e.m.c.i.embedder.EclipseLogger - Using 'UTF-8' encoding to copy filtered properties files.
2022-05-26 21:58:03,705 [Worker-2: Building] INFO  o.e.m.c.i.embedder.EclipseLogger - skip non existing resourceDirectory C:\Users\USER\Desktop\omayma\opticien-client-4577e7976a9\back-end\src\test\resources
2022-05-26 21:58:03,907 [Worker-8: Launching Executing install in C__Users_USER_Desktop_omayma_opticien-client-4577e7976a9_back-end] INFO  o.e.m.i.launch.MavenLaunchDelegate - C:\Users\USER\Desktop\omayma\opticien-client-4577e7976a9\back-end
2022-05-26 21:58:03,908 [Worker-8: Launching Executing install in C__Users_USER_Desktop_omayma_opticien-client-4577e7976a9_back-end] INFO  o.e.m.i.launch.MavenLaunchDelegate -  mvn -B install -Dstyle.color=always
2022-05-26 21:58:04,762 [Worker-8: Building] INFO  o.e.m.c.i.embedder.EclipseLogger - Using 'UTF-8' encoding to copy filtered resources.
2022-05-26 21:58:04,763 [Worker-8: Building] INFO  o.e.m.c.i.embedder.EclipseLogger - Using 'UTF-8' encoding to copy filtered properties files.
2022-05-26 21:58:04,764 [Worker-8: Building] INFO  o.e.m.c.i.embedder.EclipseLogger - Copying 0 resource
2022-05-26 21:58:04,764 [Worker-8: Building] INFO  o.e.m.c.i.embedder.EclipseLogger - Copying 0 resource
2022-05-26 21:58:04,766 [Worker-8: Building] INFO  o.e.m.c.i.embedder.EclipseLogger - Using 'UTF-8' encoding to copy filtered resources.
2022-05-26 21:58:04,767 [Worker-8: Building] INFO  o.e.m.c.i.embedder.EclipseLogger - Using 'UTF-8' encoding to copy filtered properties files.
2022-05-26 21:58:04,767 [Worker-8: Building] INFO  o.e.m.c.i.embedder.EclipseLogger - skip non existing resourceDirectory C:\Users\USER\Desktop\omayma\opticien-client-4577e7976a9\back-end\src\test\resources
2022-05-26 21:58:04,807 [Worker-7: Update Maven projects configuration] INFO  o.e.m.c.i.p.ProjectConfigurationManager - Update completed: 13 sec
2022-05-26 21:58:05,813 [Worker-0: Building] INFO  o.e.m.c.i.embedder.EclipseLogger - Using 'UTF-8' encoding to copy filtered resources.
2022-05-26 21:58:05,813 [Worker-0: Building] INFO  o.e.m.c.i.embedder.EclipseLogger - Using 'UTF-8' encoding to copy filtered properties files.
2022-05-26 21:58:05,814 [Worker-0: Building] INFO  o.e.m.c.i.embedder.EclipseLogger - Copying 0 resource
2022-05-26 21:58:05,814 [Worker-0: Building] INFO  o.e.m.c.i.embedder.EclipseLogger - Copying 0 resource
2022-05-26 21:58:05,817 [Worker-0: Building] INFO  o.e.m.c.i.embedder.EclipseLogger - Using 'UTF-8' encoding to copy filtered resources.
2022-05-26 21:58:05,818 [Worker-0: Building] INFO  o.e.m.c.i.embedder.EclipseLogger - Using 'UTF-8' encoding to copy filtered properties files.
2022-05-26 21:58:05,819 [Worker-0: Building] INFO  o.e.m.c.i.embedder.EclipseLogger - skip non existing resourceDirectory C:\Users\USER\Desktop\omayma\opticien-client-4577e7976a9\back-end\src\test\resources
2022-05-26 21:58:15,453 [Worker-7: Building] INFO  o.e.m.c.i.embedder.EclipseLogger - Using 'UTF-8' encoding to copy filtered resources.
2022-05-26 21:58:15,453 [Worker-7: Building] INFO  o.e.m.c.i.embedder.EclipseLogger - Using 'UTF-8' encoding to copy filtered properties files.
2022-05-26 21:58:15,455 [Worker-7: Building] INFO  o.e.m.c.i.embedder.EclipseLogger - Copying 1 resource
2022-05-26 21:58:15,460 [Worker-7: Building] INFO  o.e.m.c.i.embedder.EclipseLogger - Copying 0 resource
2022-05-26 21:58:15,462 [Worker-7: Building] INFO  o.e.m.c.i.embedder.EclipseLogger - Using 'UTF-8' encoding to copy filtered resources.
2022-05-26 21:58:15,463 [Worker-7: Building] INFO  o.e.m.c.i.embedder.EclipseLogger - Using 'UTF-8' encoding to copy filtered properties files.
2022-05-26 21:58:15,463 [Worker-7: Building] INFO  o.e.m.c.i.embedder.EclipseLogger - skip non existing resourceDirectory C:\Users\USER\Desktop\omayma\opticien-client-4577e7976a9\back-end\src\test\resources
2022-05-26 21:58:26,432 [Worker-2: Building] INFO  o.e.m.c.i.embedder.EclipseLogger - Using 'UTF-8' encoding to copy filtered resources.
2022-05-26 21:58:26,432 [Worker-2: Building] INFO  o.e.m.c.i.embedder.EclipseLogger - Using 'UTF-8' encoding to copy filtered properties files.
2022-05-26 21:58:26,432 [Worker-2: Building] INFO  o.e.m.c.i.embedder.EclipseLogger - Copying 0 resource
2022-05-26 21:58:26,432 [Worker-2: Building] INFO  o.e.m.c.i.embedder.EclipseLogger - Copying 0 resource
2022-05-26 21:58:26,434 [Worker-2: Building] INFO  o.e.m.c.i.embedder.EclipseLogger - Using 'UTF-8' encoding to copy filtered resources.
2022-05-26 21:58:26,434 [Worker-2: Building] INFO  o.e.m.c.i.embedder.EclipseLogger - Using 'UTF-8' encoding to copy filtered properties files.
2022-05-26 21:58:26,434 [Worker-2: Building] INFO  o.e.m.c.i.embedder.EclipseLogger - skip non existing resourceDirectory C:\Users\USER\Desktop\omayma\opticien-client-4577e7976a9\back-end\src\test\resources
2022-05-26 22:00:45,752 [Worker-12: Building] INFO  o.e.m.c.i.embedder.EclipseLogger - Using 'UTF-8' encoding to copy filtered resources.
2022-05-26 22:00:45,761 [Worker-12: Building] INFO  o.e.m.c.i.embedder.EclipseLogger - Using 'UTF-8' encoding to copy filtered properties files.
2022-05-26 22:00:45,767 [Worker-12: Building] INFO  o.e.m.c.i.embedder.EclipseLogger - Copying 1 resource
2022-05-26 22:00:45,867 [Worker-12: Building] INFO  o.e.m.c.i.embedder.EclipseLogger - Copying 0 resource
2022-05-26 22:00:45,873 [Worker-12: Building] INFO  o.e.m.c.i.embedder.EclipseLogger - Using 'UTF-8' encoding to copy filtered resources.
2022-05-26 22:00:45,874 [Worker-12: Building] INFO  o.e.m.c.i.embedder.EclipseLogger - Using 'UTF-8' encoding to copy filtered properties files.
2022-05-26 22:00:45,874 [Worker-12: Building] INFO  o.e.m.c.i.embedder.EclipseLogger - skip non existing resourceDirectory C:\Users\USER\Desktop\omayma\opticien-client-4577e7976a9\back-end\src\test\resources
2022-05-26 22:00:45,890 [Worker-6: Launching back-end - TestOpticienApplication] INFO  o.e.m.c.i.embedder.EclipseLogger - Using 'UTF-8' encoding to copy filtered resources.
2022-05-26 22:00:45,890 [Worker-6: Launching back-end - TestOpticienApplication] INFO  o.e.m.c.i.embedder.EclipseLogger - Using 'UTF-8' encoding to copy filtered properties files.
2022-05-26 22:00:45,891 [Worker-6: Launching back-end - TestOpticienApplication] INFO  o.e.m.c.i.embedder.EclipseLogger - Copying 1 resource
2022-05-26 22:00:46,051 [Worker-6: Launching back-end - TestOpticienApplication] INFO  o.e.m.c.i.embedder.EclipseLogger - Copying 0 resource
2022-05-26 22:00:46,054 [Worker-6: Launching back-end - TestOpticienApplication] INFO  o.e.m.c.i.embedder.EclipseLogger - Using 'UTF-8' encoding to copy filtered resources.
2022-05-26 22:00:46,054 [Worker-6: Launching back-end - TestOpticienApplication] INFO  o.e.m.c.i.embedder.EclipseLogger - Using 'UTF-8' encoding to copy filtered properties files.
2022-05-26 22:00:46,055 [Worker-6: Launching back-end - TestOpticienApplication] INFO  o.e.m.c.i.embedder.EclipseLogger - skip non existing resourceDirectory C:\Users\USER\Desktop\omayma\opticien-client-4577e7976a9\back-end\src\test\resources
2022-05-26 22:18:56,847 [Worker-21: Building] INFO  o.e.m.c.i.embedder.EclipseLogger - Using 'UTF-8' encoding to copy filtered resources.
2022-05-26 22:18:56,849 [Worker-21: Building] INFO  o.e.m.c.i.embedder.EclipseLogger - Using 'UTF-8' encoding to copy filtered properties files.
2022-05-26 22:18:56,850 [Worker-21: Building] INFO  o.e.m.c.i.embedder.EclipseLogger - Copying 1 resource
2022-05-26 22:18:56,854 [Worker-21: Building] INFO  o.e.m.c.i.embedder.EclipseLogger - Copying 0 resource
2022-05-26 22:18:56,857 [Worker-21: Building] INFO  o.e.m.c.i.embedder.EclipseLogger - Using 'UTF-8' encoding to copy filtered resources.
2022-05-26 22:18:56,857 [Worker-21: Building] INFO  o.e.m.c.i.embedder.EclipseLogger - Using 'UTF-8' encoding to copy filtered properties files.
2022-05-26 22:18:56,857 [Worker-21: Building] INFO  o.e.m.c.i.embedder.EclipseLogger - skip non existing resourceDirectory C:\Users\USER\Desktop\omayma\opticien-client-4577e7976a9\back-end\src\test\resources
2022-05-26 22:20:49,465 [Start Help Server] INFO  org.eclipse.jetty.server.Server - jetty-10.0.6; built: 2021-06-29T15:28:56.259Z; git: 37e7731b4b142a882d73974ff3bec78d621bd674; jvm 17.0.2+8
2022-05-26 22:20:49,489 [Start Help Server] INFO  o.e.j.s.s.DefaultSessionIdManager - Session workerName=node0
2022-05-26 22:20:49,518 [Start Help Server] INFO  o.e.j.server.handler.ContextHandler - Started o.e.j.s.ServletContextHandler@22dfc346{/help,null,AVAILABLE}
2022-05-26 22:20:49,546 [Start Help Server] INFO  o.e.jetty.server.AbstractConnector - Started ServerConnector@1809e1f5{HTTP/1.1, (http/1.1)}{127.0.0.1:51023}
2022-05-26 22:20:49,558 [Start Help Server] INFO  org.eclipse.jetty.server.Server - Started Server@5222600c{STARTING}[10.0.6,sto=0] @1422466ms
2022-05-26 22:21:06,467 [Worker-29: Building] INFO  o.e.m.c.i.embedder.EclipseLogger - Using 'UTF-8' encoding to copy filtered resources.
2022-05-26 22:21:06,467 [Worker-29: Building] INFO  o.e.m.c.i.embedder.EclipseLogger - Using 'UTF-8' encoding to copy filtered properties files.
2022-05-26 22:21:06,468 [Worker-29: Building] INFO  o.e.m.c.i.embedder.EclipseLogger - Copying 1 resource
2022-05-26 22:21:06,473 [Worker-29: Building] INFO  o.e.m.c.i.embedder.EclipseLogger - Copying 0 resource
2022-05-26 22:21:06,475 [Worker-29: Building] INFO  o.e.m.c.i.embedder.EclipseLogger - Using 'UTF-8' encoding to copy filtered resources.
2022-05-26 22:21:06,475 [Worker-29: Building] INFO  o.e.m.c.i.embedder.EclipseLogger - Using 'UTF-8' encoding to copy filtered properties files.
2022-05-26 22:21:06,475 [Worker-29: Building] INFO  o.e.m.c.i.embedder.EclipseLogger - skip non existing resourceDirectory C:\Users\USER\Desktop\omayma\opticien-client-4577e7976a9\back-end\src\test\resources
2022-05-26 22:24:26,326 [Worker-30: Building] INFO  o.e.m.c.i.embedder.EclipseLogger - Using 'UTF-8' encoding to copy filtered resources.
2022-05-26 22:24:26,326 [Worker-30: Building] INFO  o.e.m.c.i.embedder.EclipseLogger - Using 'UTF-8' encoding to copy filtered properties files.
2022-05-26 22:24:26,327 [Worker-30: Building] INFO  o.e.m.c.i.embedder.EclipseLogger - Copying 1 resource
2022-05-26 22:24:26,357 [Worker-30: Building] INFO  o.e.m.c.i.embedder.EclipseLogger - Copying 0 resource
2022-05-26 22:24:26,361 [Worker-30: Building] INFO  o.e.m.c.i.embedder.EclipseLogger - Using 'UTF-8' encoding to copy filtered resources.
2022-05-26 22:24:26,361 [Worker-30: Building] INFO  o.e.m.c.i.embedder.EclipseLogger - Using 'UTF-8' encoding to copy filtered properties files.
2022-05-26 22:24:26,362 [Worker-30: Building] INFO  o.e.m.c.i.embedder.EclipseLogger - skip non existing resourceDirectory C:\Users\USER\Desktop\omayma\opticien-client-4577e7976a9\back-end\src\test\resources
2022-05-26 22:28:31,177 [Worker-21: Building] INFO  o.e.m.c.i.embedder.EclipseLogger - Using 'UTF-8' encoding to copy filtered resources.
2022-05-26 22:28:31,178 [Worker-21: Building] INFO  o.e.m.c.i.embedder.EclipseLogger - Using 'UTF-8' encoding to copy filtered properties files.
2022-05-26 22:28:31,178 [Worker-21: Building] INFO  o.e.m.c.i.embedder.EclipseLogger - Copying 1 resource
2022-05-26 22:28:31,193 [Worker-21: Building] INFO  o.e.m.c.i.embedder.EclipseLogger - Copying 0 resource
2022-05-26 22:28:31,195 [Worker-21: Building] INFO  o.e.m.c.i.embedder.EclipseLogger - Using 'UTF-8' encoding to copy filtered resources.
2022-05-26 22:28:31,195 [Worker-21: Building] INFO  o.e.m.c.i.embedder.EclipseLogger - Using 'UTF-8' encoding to copy filtered properties files.
2022-05-26 22:28:31,195 [Worker-21: Building] INFO  o.e.m.c.i.embedder.EclipseLogger - skip non existing resourceDirectory C:\Users\USER\Desktop\omayma\opticien-client-4577e7976a9\back-end\src\test\resources
2022-05-26 22:29:14,471 [Worker-21: Building] INFO  o.e.m.c.i.embedder.EclipseLogger - Using 'UTF-8' encoding to copy filtered resources.
2022-05-26 22:29:14,471 [Worker-21: Building] INFO  o.e.m.c.i.embedder.EclipseLogger - Using 'UTF-8' encoding to copy filtered properties files.
2022-05-26 22:29:14,472 [Worker-21: Building] INFO  o.e.m.c.i.embedder.EclipseLogger - Copying 1 resource
2022-05-26 22:29:14,500 [Worker-21: Building] INFO  o.e.m.c.i.embedder.EclipseLogger - Copying 0 resource
2022-05-26 22:29:14,501 [Worker-21: Building] INFO  o.e.m.c.i.embedder.EclipseLogger - Using 'UTF-8' encoding to copy filtered resources.
2022-05-26 22:29:14,501 [Worker-21: Building] INFO  o.e.m.c.i.embedder.EclipseLogger - Using 'UTF-8' encoding to copy filtered properties files.
2022-05-26 22:29:14,501 [Worker-21: Building] INFO  o.e.m.c.i.embedder.EclipseLogger - skip non existing resourceDirectory C:\Users\USER\Desktop\omayma\opticien-client-4577e7976a9\back-end\src\test\resources
2022-05-26 22:29:18,256 [Worker-22: Building] INFO  o.e.m.c.i.embedder.EclipseLogger - Using 'UTF-8' encoding to copy filtered resources.
2022-05-26 22:29:18,256 [Worker-22: Building] INFO  o.e.m.c.i.embedder.EclipseLogger - Using 'UTF-8' encoding to copy filtered properties files.
2022-05-26 22:29:18,257 [Worker-22: Building] INFO  o.e.m.c.i.embedder.EclipseLogger - Copying 1 resource
2022-05-26 22:29:18,311 [Worker-22: Building] INFO  o.e.m.c.i.embedder.EclipseLogger - Copying 0 resource
2022-05-26 22:29:18,313 [Worker-22: Building] INFO  o.e.m.c.i.embedder.EclipseLogger - Using 'UTF-8' encoding to copy filtered resources.
2022-05-26 22:29:18,313 [Worker-22: Building] INFO  o.e.m.c.i.embedder.EclipseLogger - Using 'UTF-8' encoding to copy filtered properties files.
2022-05-26 22:29:18,313 [Worker-22: Building] INFO  o.e.m.c.i.embedder.EclipseLogger - skip non existing resourceDirectory C:\Users\USER\Desktop\omayma\opticien-client-4577e7976a9\back-end\src\test\resources
2022-05-26 22:31:21,718 [Worker-35: Building] INFO  o.e.m.c.i.embedder.EclipseLogger - Using 'UTF-8' encoding to copy filtered resources.
2022-05-26 22:31:21,719 [Worker-35: Building] INFO  o.e.m.c.i.embedder.EclipseLogger - Using 'UTF-8' encoding to copy filtered properties files.
2022-05-26 22:31:21,719 [Worker-35: Building] INFO  o.e.m.c.i.embedder.EclipseLogger - Copying 1 resource
2022-05-26 22:31:21,799 [Worker-35: Building] INFO  o.e.m.c.i.embedder.EclipseLogger - Copying 0 resource
2022-05-26 22:31:21,802 [Worker-35: Building] INFO  o.e.m.c.i.embedder.EclipseLogger - Using 'UTF-8' encoding to copy filtered resources.
2022-05-26 22:31:21,802 [Worker-35: Building] INFO  o.e.m.c.i.embedder.EclipseLogger - Using 'UTF-8' encoding to copy filtered properties files.
2022-05-26 22:31:21,803 [Worker-35: Building] INFO  o.e.m.c.i.embedder.EclipseLogger - skip non existing resourceDirectory C:\Users\USER\Desktop\omayma\opticien-client-4577e7976a9\back-end\src\test\resources
2022-05-26 22:31:45,347 [Stop Help Server] INFO  org.eclipse.jetty.server.Server - Stopped Server@5222600c{STOPPING}[10.0.6,sto=0]
2022-05-26 22:31:45,351 [Stop Help Server] INFO  o.e.jetty.server.AbstractConnector - Stopped ServerConnector@1809e1f5{HTTP/1.1, (http/1.1)}{127.0.0.1:0}
2022-05-26 22:31:45,358 [Stop Help Server] INFO  o.e.j.server.handler.ContextHandler - Stopped o.e.j.s.ServletContextHandler@22dfc346{/help,null,STOPPED}
2022-05-26 22:33:14,615 [Worker-0: Loading available Gradle versions] INFO  o.e.b.c.i.u.g.PublishedGradleVersions - Gradle version information cache is up-to-date. Trying to read.
2022-05-26 22:33:47,046 [Worker-4: Launching back-end - TestOpticienApplication] INFO  o.e.m.c.i.embedder.EclipseLogger - Using 'UTF-8' encoding to copy filtered resources.
2022-05-26 22:33:47,048 [Worker-4: Launching back-end - TestOpticienApplication] INFO  o.e.m.c.i.embedder.EclipseLogger - Using 'UTF-8' encoding to copy filtered properties files.
2022-05-26 22:33:47,051 [Worker-4: Launching back-end - TestOpticienApplication] INFO  o.e.m.c.i.embedder.EclipseLogger - Copying 1 resource
2022-05-26 22:33:47,072 [Worker-4: Launching back-end - TestOpticienApplication] INFO  o.e.m.c.i.embedder.EclipseLogger - Copying 0 resource
2022-05-26 22:33:47,075 [Worker-4: Launching back-end - TestOpticienApplication] INFO  o.e.m.c.i.embedder.EclipseLogger - Using 'UTF-8' encoding to copy filtered resources.
2022-05-26 22:33:47,075 [Worker-4: Launching back-end - TestOpticienApplication] INFO  o.e.m.c.i.embedder.EclipseLogger - Using 'UTF-8' encoding to copy filtered properties files.
2022-05-26 22:33:47,075 [Worker-4: Launching back-end - TestOpticienApplication] INFO  o.e.m.c.i.embedder.EclipseLogger - skip non existing resourceDirectory C:\Users\USER\Desktop\omayma\opticien-client-4577e7976a9\back-end\src\test\resources
2022-05-26 23:01:06,144 [Start Help Server] INFO  org.eclipse.jetty.server.Server - jetty-10.0.6; built: 2021-06-29T15:28:56.259Z; git: 37e7731b4b142a882d73974ff3bec78d621bd674; jvm 17.0.2+8
2022-05-26 23:01:06,167 [Start Help Server] INFO  o.e.j.s.s.DefaultSessionIdManager - Session workerName=node0
2022-05-26 23:01:06,199 [Start Help Server] INFO  o.e.j.server.handler.ContextHandler - Started o.e.j.s.ServletContextHandler@75d2c4a{/help,null,AVAILABLE}
2022-05-26 23:01:06,235 [Start Help Server] INFO  o.e.jetty.server.AbstractConnector - Started ServerConnector@52a8a197{HTTP/1.1, (http/1.1)}{127.0.0.1:63562}
2022-05-26 23:01:06,237 [Start Help Server] INFO  org.eclipse.jetty.server.Server - Started Server@2c84cb61{STARTING}[10.0.6,sto=0] @1684592ms
2022-05-26 23:35:52,650 [Stop Help Server] INFO  org.eclipse.jetty.server.Server - Stopped Server@2c84cb61{STOPPING}[10.0.6,sto=0]
2022-05-26 23:35:52,657 [Stop Help Server] INFO  o.e.jetty.server.AbstractConnector - Stopped ServerConnector@52a8a197{HTTP/1.1, (http/1.1)}{127.0.0.1:0}
2022-05-26 23:35:52,669 [Stop Help Server] INFO  o.e.j.server.handler.ContextHandler - Stopped o.e.j.s.ServletContextHandler@75d2c4a{/help,null,STOPPED}
2022-05-27 00:10:20,319 [Worker-2: Loading available Gradle versions] INFO  o.e.b.c.i.u.g.PublishedGradleVersions - Gradle version information cache is up-to-date. Trying to read.
2022-05-27 22:38:09,586 [Worker-1: Loading available Gradle versions] INFO  o.e.b.c.i.u.g.PublishedGradleVersions - Gradle version information cache is out-of-date. Trying to update.
